SF:lib\src\app.dart
DA:5,1
DA:9,1
LF:2
LH:2
end_of_record
SF:lib\src\analysis\analysis_page.dart
DA:16,1
DA:17,1
DA:19,0
DA:21,0
DA:23,0
DA:25,0
DA:40,1
DA:41,1
DA:43,0
DA:45,0
DA:47,0
DA:48,0
DA:49,0
DA:69,1
DA:78,1
DA:79,2
DA:80,1
DA:84,1
DA:85,1
DA:87,2
DA:90,1
DA:92,2
DA:95,1
DA:97,2
DA:101,1
DA:103,1
DA:104,1
DA:106,1
DA:108,1
DA:120,1
DA:121,1
DA:122,1
DA:138,1
DA:139,1
DA:142,1
DA:143,1
DA:145,2
DA:149,1
DA:150,1
DA:153,0
DA:155,1
DA:159,1
DA:160,2
DA:162,1
DA:166,1
DA:168,1
DA:169,1
DA:170,1
DA:178,1
DA:180,1
DA:181,1
DA:183,1
DA:186,1
DA:187,1
DA:189,2
DA:190,1
DA:193,2
DA:194,2
DA:195,1
DA:197,1
DA:199,1
DA:202,3
DA:203,2
DA:205,1
DA:206,3
DA:209,1
DA:210,1
DA:211,2
DA:212,2
DA:239,1
DA:245,1
DA:246,1
DA:250,1
DA:252,1
DA:256,1
DA:258,1
DA:259,3
DA:261,1
DA:262,1
DA:263,2
DA:265,1
DA:266,1
DA:267,3
DA:268,4
DA:272,1
DA:274,3
DA:275,1
DA:276,1
DA:278,2
DA:279,1
DA:282,1
DA:283,1
DA:284,1
DA:287,1
DA:290,1
DA:300,1
DA:301,2
DA:302,2
DA:303,1
DA:314,1
DA:315,1
DA:317,1
DA:318,1
DA:319,1
DA:320,1
DA:321,1
DA:322,1
DA:323,4
DA:332,1
DA:333,2
DA:348,1
DA:351,1
DA:353,1
DA:354,1
DA:356,1
DA:357,4
DA:359,1
DA:360,1
LF:118
LH:108
end_of_record
SF:lib\src\history.dart
DA:21,1
DA:24,1
DA:25,1
DA:26,1
DA:27,1
DA:28,2
DA:33,1
DA:34,1
DA:35,1
DA:36,2
DA:45,1
DA:46,1
DA:47,1
DA:49,2
DA:50,2
DA:53,2
DA:54,1
DA:58,1
DA:59,1
DA:61,2
DA:62,2
DA:63,3
DA:64,3
DA:65,1
DA:66,1
DA:71,1
DA:72,1
DA:73,2
DA:75,5
LF:29
LH:29
end_of_record
SF:lib\src\home_page\home_page.dart
DA:18,2
DA:20,1
DA:21,1
DA:27,1
DA:29,1
DA:30,1
DA:31,1
DA:32,1
DA:39,1
DA:40,2
DA:41,1
DA:42,1
DA:43,1
DA:50,1
DA:51,1
DA:55,1
DA:57,1
DA:60,1
DA:61,1
DA:62,1
DA:63,1
DA:64,1
DA:71,1
DA:72,1
DA:76,1
DA:78,1
DA:81,1
DA:82,1
DA:83,1
DA:84,1
DA:85,1
DA:87,1
DA:88,1
DA:93,1
DA:94,1
DA:96,1
DA:98,1
DA:99,3
DA:100,2
DA:101,1
DA:102,1
DA:104,1
DA:107,1
DA:108,1
DA:109,1
DA:110,1
DA:111,1
DA:116,1
DA:117,1
DA:118,1
DA:120,1
DA:121,1
DA:126,1
DA:127,1
DA:129,1
DA:133,1
DA:134,3
DA:135,1
DA:137,1
DA:139,1
DA:142,2
DA:143,1
DA:145,4
DA:147,1
DA:150,1
DA:151,2
DA:154,1
DA:155,1
DA:156,1
DA:157,1
DA:158,2
DA:159,2
DA:160,2
DA:164,1
DA:165,1
DA:166,1
DA:167,1
DA:168,1
DA:169,1
DA:170,1
DA:174,1
DA:175,1
DA:176,1
DA:177,1
DA:178,2
DA:181,1
DA:182,2
DA:183,2
DA:184,2
DA:185,2
LF:90
LH:90
end_of_record
SF:lib\src\analysis\api_caller.dart
DA:24,1
DA:26,1
DA:27,1
DA:63,1
DA:68,2
DA:69,1
DA:74,1
DA:75,2
DA:77,0
DA:78,0
DA:80,2
DA:84,1
DA:85,3
DA:86,1
DA:94,1
DA:96,1
DA:97,6
DA:99,2
DA:107,5
DA:108,2
DA:109,5
DA:112,2
DA:113,1
DA:116,2
DA:117,1
DA:121,2
DA:122,6
DA:123,5
DA:124,1
DA:128,2
DA:129,1
DA:133,2
DA:134,1
DA:137,0
DA:138,0
DA:145,1
DA:147,1
DA:148,1
DA:149,1
DA:151,1
DA:152,1
DA:153,1
DA:154,1
DA:156,2
DA:157,1
DA:158,1
DA:159,3
DA:160,1
DA:162,1
DA:163,2
DA:164,2
DA:165,1
DA:169,1
DA:171,0
DA:179,1
DA:180,2
DA:181,1
DA:182,1
DA:183,1
DA:185,1
DA:187,1
DA:188,1
DA:197,1
LF:63
LH:58
end_of_record
SF:lib\src\camera\camera.dart
DA:16,2
DA:18,1
DA:19,1
DA:39,0
DA:41,1
DA:43,1
DA:44,2
DA:45,1
DA:46,1
DA:49,1
DA:50,4
DA:51,2
DA:52,1
DA:53,1
DA:56,2
DA:59,2
DA:60,3
DA:61,1
DA:64,4
DA:65,1
DA:67,1
DA:69,2
DA:70,1
DA:71,1
DA:72,1
DA:78,1
DA:80,2
DA:81,2
DA:82,0
DA:83,3
DA:84,0
DA:88,3
DA:89,1
DA:90,0
DA:91,0
DA:92,0
DA:93,0
DA:94,0
DA:96,0
DA:100,1
DA:102,2
DA:103,1
DA:106,1
DA:107,1
DA:111,3
DA:112,1
DA:113,3
DA:116,0
DA:117,0
DA:121,1
DA:125,1
DA:128,2
DA:133,1
DA:134,1
DA:139,3
DA:147,0
DA:155,0
DA:163,0
DA:174,1
DA:175,1
DA:176,2
DA:177,1
DA:178,1
DA:179,1
DA:181,1
DA:182,1
DA:186,1
DA:187,1
DA:189,1
DA:190,2
DA:192,1
DA:199,0
DA:200,0
DA:202,0
DA:206,0
DA:207,0
DA:208,0
DA:212,0
DA:215,0
DA:221,0
DA:222,0
DA:224,0
DA:230,1
DA:231,2
DA:232,2
DA:236,0
DA:238,0
DA:239,0
DA:240,0
DA:242,0
DA:246,0
DA:248,0
DA:249,0
DA:252,0
DA:255,0
DA:256,0
DA:257,0
DA:260,0
DA:261,0
DA:262,0
DA:267,1
DA:268,1
DA:269,0
DA:270,0
DA:271,0
DA:272,0
DA:275,0
DA:277,0
DA:281,1
DA:284,1
DA:285,1
DA:286,1
DA:287,1
DA:288,1
DA:289,6
DA:290,1
DA:291,1
DA:292,1
DA:293,1
DA:294,1
DA:296,1
DA:297,3
DA:298,1
DA:308,1
DA:310,1
DA:311,1
DA:312,1
DA:313,1
DA:315,1
DA:316,1
DA:318,1
DA:320,0
DA:321,0
DA:324,1
DA:326,1
DA:328,1
DA:329,2
DA:330,2
DA:331,2
DA:334,3
DA:336,1
DA:338,1
DA:339,1
DA:341,1
DA:343,1
DA:344,1
DA:346,2
DA:347,1
DA:348,1
DA:349,1
DA:351,0
DA:352,0
DA:354,0
DA:355,0
DA:359,0
DA:365,2
DA:367,1
DA:368,1
DA:370,1
DA:371,1
DA:374,1
DA:377,0
DA:380,0
DA:387,1
DA:393,1
DA:394,1
DA:395,1
DA:396,2
DA:397,1
DA:398,1
DA:399,1
DA:400,1
DA:401,1
DA:402,1
DA:403,1
DA:406,4
DA:407,1
DA:408,1
DA:409,1
DA:410,3
DA:411,4
DA:412,0
DA:414,1
DA:422,1
DA:425,4
DA:426,1
DA:427,1
DA:428,1
DA:429,1
DA:430,1
DA:431,1
DA:432,4
DA:434,1
DA:437,1
DA:438,1
DA:439,1
DA:447,1
DA:448,1
DA:449,1
DA:450,2
DA:453,1
DA:454,0
DA:455,0
DA:457,0
DA:463,0
DA:466,0
DA:467,0
DA:469,0
DA:472,0
DA:473,0
DA:474,0
DA:475,0
DA:478,0
DA:479,0
DA:480,0
DA:483,0
DA:484,0
DA:485,0
DA:486,0
DA:497,1
DA:498,1
DA:504,1
DA:506,1
DA:507,1
DA:508,1
DA:511,1
DA:516,1
DA:521,1
DA:523,2
DA:527,1
DA:528,2
DA:529,1
DA:531,1
DA:532,1
DA:533,1
DA:534,2
DA:535,1
DA:536,2
DA:537,2
DA:540,1
DA:541,2
DA:542,1
DA:545,0
DA:548,0
DA:552,0
DA:553,0
DA:554,0
DA:555,0
DA:556,0
DA:557,0
DA:558,0
DA:559,0
DA:565,1
DA:567,1
DA:568,2
DA:569,1
DA:572,2
DA:573,2
DA:576,2
DA:577,1
DA:578,4
DA:582,2
DA:583,1
DA:584,4
DA:588,1
LF:265
LH:181
end_of_record
SF:lib\src\camera\display_picture_screen.dart
DA:17,1
DA:23,1
DA:25,1
DA:26,1
DA:27,1
DA:30,1
DA:31,1
DA:32,1
DA:33,2
DA:34,1
DA:35,2
DA:37,1
DA:38,0
DA:39,0
DA:40,0
DA:41,1
DA:42,1
DA:43,2
DA:44,1
DA:46,0
DA:48,2
DA:56,1
DA:58,1
DA:59,1
DA:61,1
DA:76,1
DA:77,1
DA:81,1
DA:83,1
DA:84,3
DA:85,2
DA:86,1
DA:87,1
DA:89,1
DA:93,1
DA:95,1
DA:96,2
DA:98,1
DA:102,0
LF:39
LH:34
end_of_record
SF:lib\src\category_page\category_page.dart
DA:8,2
DA:14,1
DA:16,1
DA:17,1
DA:21,1
DA:22,1
DA:23,1
DA:24,1
DA:30,1
DA:31,1
DA:35,1
DA:36,1
DA:37,1
DA:41,1
DA:42,1
DA:43,1
DA:47,1
DA:48,1
DA:49,1
DA:53,1
DA:54,1
DA:71,1
DA:79,1
DA:81,1
DA:83,1
DA:84,2
DA:85,1
DA:86,2
DA:87,1
DA:88,1
DA:89,3
DA:91,2
DA:95,1
DA:96,1
DA:99,1
DA:100,1
DA:102,1
DA:103,3
DA:105,1
DA:106,1
DA:107,1
DA:111,1
DA:113,1
DA:114,1
DA:115,1
DA:120,2
LF:46
LH:46
end_of_record
